Сборка начата 02.09.2023 11:58:14.
Уровень детализации журнала: Normal.     1>Проект "D:\User\Desktop\Everythin' for BSTU\Narkevich\1-ый курс 2-ой семестр\Lab's\решения лбр\LBR_14\SE_Lab15\SE_Lab15.vcxproj" в узле 2 (целевые объекты Build).
     1>PrepareForBuild:
         Создание каталога "D:\User\Desktop\Everythin' for BSTU\Narkevich\1-ый курс 2-ой семестр\Lab's\решения лбр\LBR_14\Debug\".
         Создание каталога "Debug\SE_Lab14.tlog\".
       InitializeBuildStatus:
         Создание "Debug\SE_Lab14.tlog\unsuccessfulbuild", так как было задано "AlwaysCreate".
       ClCompile:
         C:\Program Files\Microsoft Visual Studio\2022\Community\VC\Tools\MSVC\14.36.32532\bin\HostX86\x86\CL.exe /c /ZI /JMC /nologo /W3 /WX- /diagnostics:column /sdl /Od /Oy- /D WIN32 /D _DEBUG /D _CONSOLE /D _UNICODE /D UNICODE /Gm- /EHsc /RTC1 /MDd /GS /fp:precise /Zc:wchar_t /Zc:forScope /Zc:inline /permissive- /Fo"Debug\\" /Fd"Debug\vc143.pdb" /external:W3 /Gd /TP /analyze- /FC /errorReport:prompt Error.cpp In.cpp Log.cpp Parm.cpp SE_Lab15.cpp
         Error.cpp
         In.cpp
         Log.cpp
         Parm.cpp
         SE_Lab15.cpp
     1>D:\User\Desktop\Everythin' for BSTU\Narkevich\1-ый курс 2-ой семестр\Lab's\решения лбр\LBR_14\SE_Lab15\SE_Lab15.cpp(79,9): warning C4102: Log: неиспользованная метка
         Создание кода...
       Link:
         C:\Program Files\Microsoft Visual Studio\2022\Community\VC\Tools\MSVC\14.36.32532\bin\HostX86\x86\link.exe /ERRORREPORT:PROMPT /OUT:"D:\User\Desktop\Everythin' for BSTU\Narkevich\1-ый курс 2-ой семестр\Lab's\решения лбр\LBR_14\Debug\SE_Lab14.exe" /INCREMENTAL /ILK:"Debug\SE_Lab14.ilk" /NOLOGO kernel32.lib user32.lib gdi32.lib winspool.lib comdlg32.lib advapi32.lib shell32.lib ole32.lib oleaut32.lib uuid.lib odbc32.lib odbccp32.lib /MANIFEST /MANIFESTUAC:"level='asInvoker' uiAccess='false'" /manifest:embed /DEBUG /PDB:"D:\User\Desktop\Everythin' for BSTU\Narkevich\1-ый курс 2-ой семестр\Lab's\решения лбр\LBR_14\Debug\SE_Lab14.pdb" /SUBSYSTEM:CONSOLE /TLBID:1 /DYNAMICBASE /NXCOMPAT /IMPLIB:"D:\User\Desktop\Everythin' for BSTU\Narkevich\1-ый курс 2-ой семестр\Lab's\решения лбр\LBR_14\Debug\SE_Lab14.lib" /MACHINE:X86 Debug\Error.obj
         Debug\In.obj
         Debug\Log.obj
         Debug\Parm.obj
         Debug\SE_Lab15.obj
         SE_Lab15.vcxproj -> D:\User\Desktop\Everythin' for BSTU\Narkevich\1-ый курс 2-ой семестр\Lab's\решения лбр\LBR_14\Debug\SE_Lab14.exe
       FinalizeBuildStatus:
         Файл "Debug\SE_Lab14.tlog\unsuccessfulbuild" удаляется.
         Обращение к "Debug\SE_Lab14.tlog\SE_Lab14.lastbuildstate".
     1>Сборка проекта "D:\User\Desktop\Everythin' for BSTU\Narkevich\1-ый курс 2-ой семестр\Lab's\решения лбр\LBR_14\SE_Lab15\SE_Lab15.vcxproj" завершена (целевые объекты Build).

Сборка успешно завершена.

       "D:\User\Desktop\Everythin' for BSTU\Narkevich\1-ый курс 2-ой семестр\Lab's\решения лбр\LBR_14\SE_Lab15\SE_Lab15.vcxproj" (целевой объект Build ) (1) ->
       (Целевой объект ClCompile) -> 
         D:\User\Desktop\Everythin' for BSTU\Narkevich\1-ый курс 2-ой семестр\Lab's\решения лбр\LBR_14\SE_Lab15\SE_Lab15.cpp(79,9): warning C4102: Log: неиспользованная метка

    Предупреждений: 1
    Ошибок: 0

Прошло времени 00:00:03.41
