Сборка начата 27.06.2023 11:44:16.
Уровень детализации журнала: Normal.     1>Проект "D:\User\Desktop\Everythin' for BSTU\Basics of software programmin'\1-st course 2-st semester\LBR_13\ConsoleApplication1\ConsoleApplication1\ConsoleApplication1.vcxproj" в узле 2 (целевые объекты Build).
     1>InitializeBuildStatus:
         Создание "Debug\ConsoleA.29794cee.tlog\unsuccessfulbuild", так как было задано "AlwaysCreate".
       ClCompile:
         C:\Program Files\Microsoft Visual Studio\2022\Community\VC\Tools\MSVC\14.34.31933\bin\HostX86\x86\CL.exe /c /ZI /JMC /nologo /W3 /WX- /diagnostics:column /sdl /Od /Oy- /D WIN32 /D _DEBUG /D _CONSOLE /D _UNICODE /D UNICODE /Gm- /EHsc /RTC1 /MDd /GS /fp:precise /Zc:wchar_t /Zc:forScope /Zc:inline /permissive- /Fo"Debug\\" /Fd"Debug\vc143.pdb" /external:W3 /Gd /TP /analyze- /FC /errorReport:prompt ConsoleApplication1.cpp Heap.cpp
         ConsoleApplication1.cpp
         Heap.cpp
         Создание кода...
       Link:
         C:\Program Files\Microsoft Visual Studio\2022\Community\VC\Tools\MSVC\14.34.31933\bin\HostX86\x86\link.exe /ERRORREPORT:PROMPT /OUT:"D:\User\Desktop\Everythin' for BSTU\Basics of software programmin'\1-st course 2-st semester\LBR_13\ConsoleApplication1\Debug\ConsoleApplication1.exe" /INCREMENTAL /ILK:"Debug\ConsoleApplication1.ilk" /NOLOGO kernel32.lib user32.lib gdi32.lib winspool.lib comdlg32.lib advapi32.lib shell32.lib ole32.lib oleaut32.lib uuid.lib odbc32.lib odbccp32.lib /MANIFEST /MANIFESTUAC:"level='asInvoker' uiAccess='false'" /manifest:embed /DEBUG /PDB:"D:\User\Desktop\Everythin' for BSTU\Basics of software programmin'\1-st course 2-st semester\LBR_13\ConsoleApplication1\Debug\ConsoleApplication1.pdb" /SUBSYSTEM:CONSOLE /TLBID:1 /DYNAMICBASE /NXCOMPAT /IMPLIB:"D:\User\Desktop\Everythin' for BSTU\Basics of software programmin'\1-st course 2-st semester\LBR_13\ConsoleApplication1\Debug\ConsoleApplication1.lib" /MACHINE:X86 Debug\ConsoleApplication1.obj
         Debug\Heap.obj
         ConsoleApplication1.vcxproj -> D:\User\Desktop\Everythin' for BSTU\Basics of software programmin'\1-st course 2-st semester\LBR_13\ConsoleApplication1\Debug\ConsoleApplication1.exe
       FinalizeBuildStatus:
         Файл "Debug\ConsoleA.29794cee.tlog\unsuccessfulbuild" удаляется.
         Обращение к "Debug\ConsoleA.29794cee.tlog\ConsoleApplication1.lastbuildstate".
     1>Сборка проекта "D:\User\Desktop\Everythin' for BSTU\Basics of software programmin'\1-st course 2-st semester\LBR_13\ConsoleApplication1\ConsoleApplication1\ConsoleApplication1.vcxproj" завершена (целевые объекты Build).

Сборка успешно завершена.
    Предупреждений: 0
    Ошибок: 0

Прошло времени 00:00:01.62
